0 info it worked if it ends with ok
1 verbose cli [ '/usr/bin/node', '/usr/bin/npm', 'start' ]
2 info using npm@3.10.10
3 info using node@v10.24.1
4 verbose run-script [ 'prestart', 'start', 'poststart' ]
5 info lifecycle my-app@0.0.0~prestart: my-app@0.0.0
6 silly lifecycle my-app@0.0.0~prestart: no script for prestart, continuing
7 info lifecycle my-app@0.0.0~start: my-app@0.0.0
8 verbose lifecycle my-app@0.0.0~start: unsafe-perm in lifecycle true
9 verbose lifecycle my-app@0.0.0~start: PATH: /usr/lib/node_modules/npm/bin/node-gyp-bin:/root/Old_portfoilio/node_modules/.bin:/usr/local/sbin:/usr/local/bin:/usr/sbin:/usr/bin:/sbin:/bin:/usr/games:/usr/local/games:/snap/bin
10 verbose lifecycle my-app@0.0.0~start: CWD: /root/Old_portfoilio
11 silly lifecycle my-app@0.0.0~start: Args: [ '-c', 'ng serve' ]
12 silly lifecycle my-app@0.0.0~start: Returned: code: 3  signal: null
13 info lifecycle my-app@0.0.0~start: Failed to exec start script
14 verbose stack Error: my-app@0.0.0 start: `ng serve`
14 verbose stack Exit status 3
14 verbose stack     at EventEmitter.<anonymous> (/usr/lib/node_modules/npm/lib/utils/lifecycle.js:255:16)
14 verbose stack     at EventEmitter.emit (events.js:198:13)
14 verbose stack     at ChildProcess.<anonymous> (/usr/lib/node_modules/npm/lib/utils/spawn.js:40:14)
14 verbose stack     at ChildProcess.emit (events.js:198:13)
14 verbose stack     at maybeClose (internal/child_process.js:982:16)
14 verbose stack     at Process.ChildProcess._handle.onexit (internal/child_process.js:259:5)
15 verbose pkgid my-app@0.0.0
16 verbose cwd /root/Old_portfoilio
17 error Linux 5.13.0-48-generic
18 error argv "/usr/bin/node" "/usr/bin/npm" "start"
19 error node v10.24.1
20 error npm  v3.10.10
21 error code ELIFECYCLE
22 error my-app@0.0.0 start: `ng serve`
22 error Exit status 3
23 error Failed at the my-app@0.0.0 start script 'ng serve'.
23 error Make sure you have the latest version of node.js and npm installed.
23 error If you do, this is most likely a problem with the my-app package,
23 error not with npm itself.
23 error Tell the author that this fails on your system:
23 error     ng serve
23 error You can get information on how to open an issue for this project with:
23 error     npm bugs my-app
23 error Or if that isn't available, you can get their info via:
23 error     npm owner ls my-app
23 error There is likely additional logging output above.
24 verbose exit [ 1, true ]
